30-06-22 23:06:00.656  Started
30-06-22 23:06:00.657  With command line: C:\xampp\htdocs\Time Table\Images\fireshot-chrome-plugin.exe 
30-06-22 23:06:00.658  Target engine is: Chromium
30-06-22 23:06:00.667  Using folder for deployment: C:\Users\Jay S Parmar\AppData\Roaming\FireShot\1.10.05
30-06-22 23:06:00.671  Created directory with result: 1
30-06-22 23:06:00.672  Copying myself...
30-06-22 23:06:00.673  Target Native host already exists, nothing to copy.
30-06-22 23:06:00.674  Extracting manifest...
30-06-22 23:06:00.683  Written 642 bytes
30-06-22 23:06:00.684  Done
30-06-22 23:06:00.685  Writing registry...
30-06-22 23:06:00.688  Successfully registered to HKEY_CURRENT_USER
30-06-22 23:06:04.899  Started
30-06-22 23:06:04.900  With command line: C:\xampp\htdocs\Time Table\Images\fireshot-chrome-plugin.exe 
30-06-22 23:06:04.901  Target engine is: Chromium
30-06-22 23:06:04.908  Using folder for deployment: C:\Users\Jay S Parmar\AppData\Roaming\FireShot\1.10.05
30-06-22 23:06:04.909  Created directory with result: 1
30-06-22 23:06:04.910  Copying myself...
30-06-22 23:06:04.911  Target Native host already exists, nothing to copy.
30-06-22 23:06:05.862  Extracting manifest...
30-06-22 23:06:05.864  Written 642 bytes
30-06-22 23:06:05.864  Done
30-06-22 23:06:05.865  Writing registry...
30-06-22 23:06:05.868  Successfully registered to HKEY_CURRENT_USER
